\BOOKMARK [0][-]{chapter.1}{\376\377\000I\000n\000t\000r\000o\000d\000u\000z\000i\000o\000n\000e}{}% 1
\BOOKMARK [0][-]{chapter.2}{\376\377\000B\000a\000c\000k\000g\000r\000o\000u\000n\000d}{}% 2
\BOOKMARK [1][-]{section.2.1}{\376\377\000S\000o\000f\000t\000w\000a\000r\000e\000\040\000D\000e\000f\000i\000n\000e\000d\000\040\000N\000e\000t\000w\000o\000r\000k\000i\000n\000g}{chapter.2}% 3
\BOOKMARK [1][-]{section.2.2}{\376\377\000I\000n\000t\000e\000n\000t\000-\000b\000a\000s\000e\000d\000\040\000N\000e\000t\000w\000o\000r\000k\000i\000n\000g}{chapter.2}% 4
\BOOKMARK [1][-]{section.2.3}{\376\377\000C\000o\000n\000t\000r\000o\000l\000l\000e\000r\000\040\000a\000l\000l\000o\000\040\000s\000t\000a\000t\000o\000\040\000d\000e\000l\000l\000'\000a\000r\000t\000e}{chapter.2}% 5
\BOOKMARK [2][-]{subsection.2.3.1}{\376\377\000O\000N\000O\000S}{section.2.3}% 6
\BOOKMARK [2][-]{subsection.2.3.2}{\376\377\000O\000D\000L}{section.2.3}% 7
\BOOKMARK [1][-]{section.2.4}{\376\377\000K\000u\000b\000e\000r\000n\000e\000t\000e\000s}{chapter.2}% 8
\BOOKMARK [1][-]{section.2.5}{\376\377\000M\000i\000s\000c\000r\000o\000s\000e\000r\000v\000i\000z\000i}{chapter.2}% 9
\BOOKMARK [0][-]{chapter.3}{\376\377\000T\000e\000r\000a\000F\000l\000o\000w\000:\000\040\000a\000r\000c\000h\000i\000t\000e\000t\000t\000u\000r\000a\000\040\000e\000\040\000g\000e\000s\000t\000i\000o\000n\000e\000\040\000d\000e\000g\000l\000i\000\040\000i\000n\000t\000e\000n\000t\000i}{}% 10
\BOOKMARK [1][-]{section.3.1}{\376\377\000C\000o\000m\000p\000o\000n\000e\000n\000t\000i\000\040\000a\000r\000c\000h\000i\000t\000e\000t\000t\000u\000r\000a\000l\000i}{chapter.3}% 11
\BOOKMARK [2][-]{subsection.3.1.1}{\376\377\000D\000e\000v\000i\000c\000e\000\040\000L\000e\000v\000e\000l\000\040\000A\000b\000s\000t\000r\000a\000c\000t\000i\000o\000n}{section.3.1}% 12
\BOOKMARK [2][-]{subsection.3.1.2}{\376\377\000S\000e\000r\000v\000i\000c\000e\000\040\000L\000e\000v\000e\000l\000\040\000A\000b\000s\000t\000r\000a\000c\000t\000i\000o\000n}{section.3.1}% 13
\BOOKMARK [2][-]{subsection.3.1.3}{\376\377\000M\000a\000n\000a\000g\000e\000m\000e\000n\000t\000\040\000L\000e\000v\000e\000l\000\040\000A\000b\000s\000t\000r\000a\000c\000t\000i\000o\000n}{section.3.1}% 14
\BOOKMARK [1][-]{section.3.2}{\376\377\000g\000R\000P\000C}{chapter.3}% 15
\BOOKMARK [0][-]{chapter.4}{\376\377\000S\000t\000u\000d\000i\000o\000\040\000e\000\040\000s\000p\000e\000r\000i\000m\000e\000n\000t\000a\000z\000i\000o\000n\000e\000\040\000d\000e\000l\000l\000a\000\040\000g\000e\000s\000t\000i\000o\000n\000e\000\040\000d\000i\000\040\000p\000o\000l\000i\000c\000y\000\040\000i\000n\000\040\000T\000e\000r\000a\000f\000l\000o\000w}{}% 16
\BOOKMARK [1][-]{section.4.1}{\376\377\000S\000t\000r\000u\000m\000e\000n\000t\000i\000\040\000p\000e\000r\000\040\000l\000a\000\040\000s\000p\000e\000r\000i\000m\000e\000n\000t\000a\000z\000i\000o\000n\000e}{chapter.4}% 17
\BOOKMARK [2][-]{subsection.4.1.1}{\376\377\000M\000i\000n\000i\000n\000e\000t}{section.4.1}% 18
\BOOKMARK [2][-]{subsection.4.1.2}{\376\377\000P\0004}{section.4.1}% 19
\BOOKMARK [1][-]{section.4.2}{\376\377\000D\000e\000s\000c\000r\000i\000z\000i\000o\000n\000e\000\040\000W\000o\000r\000k\000f\000l\000o\000w}{chapter.4}% 20
\BOOKMARK [1][-]{section.4.3}{\376\377\000S\000p\000e\000r\000i\000m\000e\000n\000t\000a\000z\000i\000o\000n\000e}{chapter.4}% 21
\BOOKMARK [2][-]{subsection.4.3.1}{\376\377\000D\000e\000m\000o}{section.4.3}% 22
\BOOKMARK [2][-]{subsection.4.3.2}{\376\377\000E\000s\000p\000e\000r\000i\000m\000e\000n\000t\000o\000\040\0002}{section.4.3}% 23
\BOOKMARK [2][-]{subsection.4.3.3}{\376\377\000E\000s\000p\000e\000r\000i\000m\000e\000n\000t\000o\000\040\0003}{section.4.3}% 24
\BOOKMARK [0][-]{chapter.5}{\376\377\000C\000o\000n\000c\000l\000u\000s\000i\000o\000n\000i}{}% 25
\BOOKMARK [0][-]{chapter.6}{\376\377\000A\000p\000p\000e\000n\000d\000i\000c\000e}{}% 26
\BOOKMARK [1][-]{section.6.1}{\376\377\000I\000n\000s\000t\000a\000l\000l\000a\000z\000i\000o\000n\000e\000\040\000O\000D\000L}{chapter.6}% 27
\BOOKMARK [1][-]{section.6.2}{\376\377\000S\000c\000r\000i\000p\000t\000\040\000A\000g\000e\000n\000t\000\040\000p\000e\000r\000\040\000l\000a\000t\000e\000n\000z\000a\000\040\000e\000\040\000p\000a\000c\000k\000e\000t\000\040\000l\000o\000s\000s}{chapter.6}% 28
\BOOKMARK [1][-]{section.6.3}{\376\377\000S\000c\000r\000i\000p\000t\000\040\000p\000o\000l\000i\000c\000y\000A\000d\000d\000S\000e\000r\000v\000i\000c\000e}{chapter.6}% 29
\BOOKMARK [1][-]{section.6.4}{\376\377\000s\000c\000r\000i\000p\000t\000\040\000p\000i\000n\000g\0002\000\040\000l\000a\000t\000e\000n\000z\000a\000\040\000e\000\040\000p\000a\000c\000k\000e\000t\000\040\000l\000o\000s\000s}{chapter.6}% 30
