This is pdfTeX, Version 3.141592653-2.6-1.40.25 (MiKTeX 24.1) (preloaded format=pdflatex 2024.3.23)  21 SEP 2024 18:48
entering extended mode
 restricted \write18 enabled.
 file:line:error style messages enabled.
 %&-line parsing enabled.
**c:/Users/ferra/OneDrive/Desktop/teraflow/tesi.tex
(c:/Users/ferra/OneDrive/Desktop/teraflow/tesi.tex
LaTeX2e <2023-11-01> patch level 1
L3 programming layer <2024-01-04>
(C:\Users\ferra\AppData\Local\Programs\MiKTeX\tex/latex/base\report.cls
Document Class: report 2023/05/17 v1.4n Standard LaTeX document class
(C:\Users\ferra\AppData\Local\Programs\MiKTeX\tex/latex/base\size12.clo
File: size12.clo 2023/05/17 v1.4n Standard LaTeX file (size option)
)
\c@part=\count187
\c@chapter=\count188
\c@section=\count189
\c@subsection=\count190
\c@subsubsection=\count191
\c@paragraph=\count192
\c@subparagraph=\count193
\c@figure=\count194
\c@table=\count195
\abovecaptionskip=\skip48
\belowcaptionskip=\skip49
\bibindent=\dimen140
) (C:\Users\ferra\AppData\Local\Programs\MiKTeX\tex/latex/geometry\geometry.sty
Package: geometry 2020/01/02 v5.9 Page Geometry
 (C:\Users\ferra\AppData\Local\Programs\MiKTeX\tex/latex/graphics\keyval.sty
Package: keyval 2022/05/29 v1.15 key=value parser (DPC)
\KV@toks@=\toks17
) (C:\Users\ferra\AppData\Local\Programs\MiKTeX\tex/generic/iftex\ifvtex.sty
Package: ifvtex 2019/10/25 v1.7 ifvtex legacy package. Use iftex instead.
 (C:\Users\ferra\AppData\Local\Programs\MiKTeX\tex/generic/iftex\iftex.sty
Package: iftex 2022/02/03 v1.0f TeX engine tests
))
\Gm@cnth=\count196
\Gm@cntv=\count197
\c@Gm@tempcnt=\count198
\Gm@bindingoffset=\dimen141
\Gm@wd@mp=\dimen142
\Gm@odd@mp=\dimen143
\Gm@even@mp=\dimen144
\Gm@layoutwidth=\dimen145
\Gm@layoutheight=\dimen146
\Gm@layouthoffset=\dimen147
\Gm@layoutvoffset=\dimen148
\Gm@dimlist=\toks18
 (C:\Users\ferra\AppData\Local\Programs\MiKTeX\tex/latex/geometry\geometry.cfg)) (C:\Users\ferra\AppData\Local\Programs\MiKTeX\tex/generic/babel\babel.sty
Package: babel 2024/01/07 v24.1 The Babel package
\babel@savecnt=\count199
\U@D=\dimen149
\l@unhyphenated=\language79
 (C:\Users\ferra\AppData\Local\Programs\MiKTeX\tex/generic/babel\txtbabel.def)
\bbl@readstream=\read2
\bbl@dirlevel=\count266

*************************************
* Local config file bblopts.cfg used
*
(C:\Users\ferra\AppData\Local\Programs\MiKTeX\tex/latex/arabi\bblopts.cfg
File: bblopts.cfg 2005/09/08 v0.1 add Arabic and Farsi to "declared" options of babel
) (C:\Users\ferra\AppData\Local\Programs\MiKTeX\tex/latex/babel-italian\italian.ldf
Language: italian 2024/01/03 v.1.5.00 Italian support for the babel system
\it@lettering=\count267
\it@doublequoteactive=\count268
\it@ISOcompliance=\count269
)) (C:\Users\ferra\AppData\Local\Programs\MiKTeX\tex/generic/babel/locale/it\babel-italian.tex
Package babel Info: Importing font and identification data for italian
(babel)             from babel-it.ini. Reported on input line 11.
) (C:\Users\ferra\AppData\Local\Programs\MiKTeX\tex/latex/etoolbox\etoolbox.sty
Package: etoolbox 2020/10/05 v2.5k e-TeX tools for LaTeX (JAW)
\etb@tempcnta=\count270
) (C:\Users\ferra\AppData\Local\Programs\MiKTeX\tex/latex/base\inputenc.sty
Package: inputenc 2021/02/14 v1.3d Input encoding file
\inpenc@prehook=\toks19
\inpenc@posthook=\toks20
) (C:\Users\ferra\AppData\Local\Programs\MiKTeX\tex/latex/koma-script\scrlayer-scrpage.sty
Package: scrlayer-scrpage 2023/07/07 v3.41 KOMA-Script package (end user interface for scrlayer)
 (C:\Users\ferra\AppData\Local\Programs\MiKTeX\tex/latex/koma-script\scrlayer.sty
Package: scrlayer 2023/07/07 v3.41 KOMA-Script package (defining layers and page styles)
 (C:\Users\ferra\AppData\Local\Programs\MiKTeX\tex/latex/koma-script\scrkbase.sty
Package: scrkbase 2023/07/07 v3.41 KOMA-Script package (KOMA-Script-dependent basics and keyval usage)
 (C:\Users\ferra\AppData\Local\Programs\MiKTeX\tex/latex/koma-script\scrbase.sty
Package: scrbase 2023/07/07 v3.41 KOMA-Script package (KOMA-Script-independent basics and keyval usage)
 (C:\Users\ferra\AppData\Local\Programs\MiKTeX\tex/latex/koma-script\scrlfile.sty
Package: scrlfile 2023/07/07 v3.41 KOMA-Script package (file load hooks)
 (C:\Users\ferra\AppData\Local\Programs\MiKTeX\tex/latex/koma-script\scrlfile-hook.sty
Package: scrlfile-hook 2023/07/07 v3.41 KOMA-Script package (using LaTeX hooks)
 (C:\Users\ferra\AppData\Local\Programs\MiKTeX\tex/latex/koma-script\scrlogo.sty
Package: scrlogo 2023/07/07 v3.41 KOMA-Script package (logo)
)))
Applying: [2021/05/01] Usage of raw or classic option list on input line 252.
Already applied: [0000/00/00] Usage of raw or classic option list on input line 368.
))
\footheight=\skip50
Package scrlayer Info: patching LaTeX kernel macro \pagestyle on input line 2183.
)) (C:\Users\ferra\AppData\Local\Programs\MiKTeX\tex/latex/hyperref\hyperref.sty
Package: hyperref 2023-11-26 v7.01g Hypertext links for LaTeX
 (C:\Users\ferra\AppData\Local\Programs\MiKTeX\tex/generic/infwarerr\infwarerr.sty
Package: infwarerr 2019/12/03 v1.5 Providing info/warning/error messages (HO)
) (C:\Users\ferra\AppData\Local\Programs\MiKTeX\tex/latex/kvsetkeys\kvsetkeys.sty
Package: kvsetkeys 2022-10-05 v1.19 Key value parser (HO)
) (C:\Users\ferra\AppData\Local\Programs\MiKTeX\tex/generic/kvdefinekeys\kvdefinekeys.sty
Package: kvdefinekeys 2019-12-19 v1.6 Define keys (HO)
) (C:\Users\ferra\AppData\Local\Programs\MiKTeX\tex/generic/pdfescape\pdfescape.sty
Package: pdfescape 2019/12/09 v1.15 Implements pdfTeX's escape features (HO)
 (C:\Users\ferra\AppData\Local\Programs\MiKTeX\tex/generic/ltxcmds\ltxcmds.sty
Package: ltxcmds 2023-12-04 v1.26 LaTeX kernel commands for general use (HO)
) (C:\Users\ferra\AppData\Local\Programs\MiKTeX\tex/generic/pdftexcmds\pdftexcmds.sty
Package: pdftexcmds 2020-06-27 v0.33 Utility functions of pdfTeX for LuaTeX (HO)
Package pdftexcmds Info: \pdf@primitive is available.
Package pdftexcmds Info: \pdf@ifprimitive is available.
Package pdftexcmds Info: \pdfdraftmode found.
)) (C:\Users\ferra\AppData\Local\Programs\MiKTeX\tex/latex/hycolor\hycolor.sty
Package: hycolor 2020-01-27 v1.10 Color options for hyperref/bookmark (HO)
) (C:\Users\ferra\AppData\Local\Programs\MiKTeX\tex/latex/letltxmacro\letltxmacro.sty
Package: letltxmacro 2019/12/03 v1.6 Let assignment for LaTeX macros (HO)
) (C:\Users\ferra\AppData\Local\Programs\MiKTeX\tex/latex/auxhook\auxhook.sty
Package: auxhook 2019-12-17 v1.6 Hooks for auxiliary files (HO)
) (C:\Users\ferra\AppData\Local\Programs\MiKTeX\tex/latex/hyperref\nameref.sty
Package: nameref 2023-11-26 v2.56 Cross-referencing by name of section
 (C:\Users\ferra\AppData\Local\Programs\MiKTeX\tex/latex/refcount\refcount.sty
Package: refcount 2019/12/15 v3.6 Data extraction from label references (HO)
) (C:\Users\ferra\AppData\Local\Programs\MiKTeX\tex/generic/gettitlestring\gettitlestring.sty
Package: gettitlestring 2019/12/15 v1.6 Cleanup title references (HO)
 (C:\Users\ferra\AppData\Local\Programs\MiKTeX\tex/latex/kvoptions\kvoptions.sty
Package: kvoptions 2022-06-15 v3.15 Key value format for package options (HO)
))
\c@section@level=\count271
)
\@linkdim=\dimen150
\Hy@linkcounter=\count272
\Hy@pagecounter=\count273
 (C:\Users\ferra\AppData\Local\Programs\MiKTeX\tex/latex/hyperref\pd1enc.def
File: pd1enc.def 2023-11-26 v7.01g Hyperref: PDFDocEncoding definition (HO)
Now handling font encoding PD1 ...
... no UTF-8 mapping file for font encoding PD1
) (C:\Users\ferra\AppData\Local\Programs\MiKTeX\tex/generic/intcalc\intcalc.sty
Package: intcalc 2019/12/15 v1.3 Expandable calculations with integers (HO)
)
\Hy@SavedSpaceFactor=\count274
 (C:\Users\ferra\AppData\Local\Programs\MiKTeX\tex/latex/hyperref\puenc.def
File: puenc.def 2023-11-26 v7.01g Hyperref: PDF Unicode definition (HO)
Now handling font encoding PU ...
... no UTF-8 mapping file for font encoding PU
)
Package hyperref Info: Hyper figures OFF on input line 4181.
Package hyperref Info: Link nesting OFF on input line 4186.
Package hyperref Info: Hyper index ON on input line 4189.
Package hyperref Info: Plain pages OFF on input line 4196.
Package hyperref Info: Backreferencing OFF on input line 4201.
Package hyperref Info: Implicit mode ON; LaTeX internals redefined.
Package hyperref Info: Bookmarks ON on input line 4448.
\c@Hy@tempcnt=\count275
 (C:\Users\ferra\AppData\Local\Programs\MiKTeX\tex/latex/url\url.sty
\Urlmuskip=\muskip16
Package: url 2013/09/16  ver 3.4  Verb mode for urls, etc.
)
LaTeX Info: Redefining \url on input line 4786.
\XeTeXLinkMargin=\dimen151
 (C:\Users\ferra\AppData\Local\Programs\MiKTeX\tex/generic/bitset\bitset.sty
Package: bitset 2019/12/09 v1.3 Handle bit-vector datatype (HO)
 (C:\Users\ferra\AppData\Local\Programs\MiKTeX\tex/generic/bigintcalc\bigintcalc.sty
Package: bigintcalc 2019/12/15 v1.5 Expandable calculations on big integers (HO)
))
\Fld@menulength=\count276
\Field@Width=\dimen152
\Fld@charsize=\dimen153
Package hyperref Info: Hyper figures OFF on input line 6065.
Package hyperref Info: Link nesting OFF on input line 6070.
Package hyperref Info: Hyper index ON on input line 6073.
Package hyperref Info: backreferencing OFF on input line 6080.
Package hyperref Info: Link coloring OFF on input line 6085.
Package hyperref Info: Link coloring with OCG OFF on input line 6090.
Package hyperref Info: PDF/A mode OFF on input line 6095.
 (C:\Users\ferra\AppData\Local\Programs\MiKTeX\tex/latex/base\atbegshi-ltx.sty
Package: atbegshi-ltx 2021/01/10 v1.0c Emulation of the original atbegshi
package with kernel methods
)
\Hy@abspage=\count277
\c@Item=\count278
\c@Hfootnote=\count279
)
Package hyperref Info: Driver (autodetected): hpdftex.
 (C:\Users\ferra\AppData\Local\Programs\MiKTeX\tex/latex/hyperref\hpdftex.def
File: hpdftex.def 2023-11-26 v7.01g Hyperref driver for pdfTeX
 (C:\Users\ferra\AppData\Local\Programs\MiKTeX\tex/latex/base\atveryend-ltx.sty
Package: atveryend-ltx 2020/08/19 v1.0a Emulation of the original atveryend package
with kernel methods
)
\Fld@listcount=\count280
\c@bookmark@seq@number=\count281
 (C:\Users\ferra\AppData\Local\Programs\MiKTeX\tex/latex/rerunfilecheck\rerunfilecheck.sty
Package: rerunfilecheck 2022-07-10 v1.10 Rerun checks for auxiliary files (HO)
 (C:\Users\ferra\AppData\Local\Programs\MiKTeX\tex/generic/uniquecounter\uniquecounter.sty
Package: uniquecounter 2019/12/15 v1.4 Provide unlimited unique counter (HO)
)
Package uniquecounter Info: New unique counter `rerunfilecheck' on input line 285.
)
\Hy@SectionHShift=\skip51
) (C:\Users\ferra\AppData\Local\Programs\MiKTeX\tex/latex/psnfss\mathptmx.sty
Package: mathptmx 2020/03/25 PSNFSS-v9.3 Times w/ Math, improved (SPQR, WaS) 
LaTeX Font Info:    Redeclaring symbol font `operators' on input line 28.
LaTeX Font Info:    Overwriting symbol font `operators' in version `normal'
(Font)                  OT1/cmr/m/n --> OT1/ztmcm/m/n on input line 28.
LaTeX Font Info:    Overwriting symbol font `operators' in version `bold'
(Font)                  OT1/cmr/bx/n --> OT1/ztmcm/m/n on input line 28.
LaTeX Font Info:    Redeclaring symbol font `letters' on input line 29.
LaTeX Font Info:    Overwriting symbol font `letters' in version `normal'
(Font)                  OML/cmm/m/it --> OML/ztmcm/m/it on input line 29.
LaTeX Font Info:    Overwriting symbol font `letters' in version `bold'
(Font)                  OML/cmm/b/it --> OML/ztmcm/m/it on input line 29.
LaTeX Font Info:    Redeclaring symbol font `symbols' on input line 30.
LaTeX Font Info:    Overwriting symbol font `symbols' in version `normal'
(Font)                  OMS/cmsy/m/n --> OMS/ztmcm/m/n on input line 30.
LaTeX Font Info:    Overwriting symbol font `symbols' in version `bold'
(Font)                  OMS/cmsy/b/n --> OMS/ztmcm/m/n on input line 30.
LaTeX Font Info:    Redeclaring symbol font `largesymbols' on input line 31.
LaTeX Font Info:    Overwriting symbol font `largesymbols' in version `normal'
(Font)                  OMX/cmex/m/n --> OMX/ztmcm/m/n on input line 31.
LaTeX Font Info:    Overwriting symbol font `largesymbols' in version `bold'
(Font)                  OMX/cmex/m/n --> OMX/ztmcm/m/n on input line 31.
\symbold=\mathgroup4
\symitalic=\mathgroup5
LaTeX Font Info:    Redeclaring math alphabet \mathbf on input line 34.
LaTeX Font Info:    Overwriting math alphabet `\mathbf' in version `normal'
(Font)                  OT1/cmr/bx/n --> OT1/ptm/bx/n on input line 34.
LaTeX Font Info:    Overwriting math alphabet `\mathbf' in version `bold'
(Font)                  OT1/cmr/bx/n --> OT1/ptm/bx/n on input line 34.
LaTeX Font Info:    Redeclaring math alphabet \mathit on input line 35.
LaTeX Font Info:    Overwriting math alphabet `\mathit' in version `normal'
(Font)                  OT1/cmr/m/it --> OT1/ptm/m/it on input line 35.
LaTeX Font Info:    Overwriting math alphabet `\mathit' in version `bold'
(Font)                  OT1/cmr/bx/it --> OT1/ptm/m/it on input line 35.
LaTeX Info: Redefining \hbar on input line 50.
) (C:\Users\ferra\AppData\Local\Programs\MiKTeX\tex/latex/graphics\graphicx.sty
Package: graphicx 2021/09/16 v1.2d Enhanced LaTeX Graphics (DPC,SPQR)
 (C:\Users\ferra\AppData\Local\Programs\MiKTeX\tex/latex/graphics\graphics.sty
Package: graphics 2022/03/10 v1.4e Standard LaTeX Graphics (DPC,SPQR)
 (C:\Users\ferra\AppData\Local\Programs\MiKTeX\tex/latex/graphics\trig.sty
Package: trig 2021/08/11 v1.11 sin cos tan (DPC)
) (C:\Users\ferra\AppData\Local\Programs\MiKTeX\tex/latex/graphics-cfg\graphics.cfg
File: graphics.cfg 2016/06/04 v1.11 sample graphics configuration
)
Package graphics Info: Driver file: pdftex.def on input line 107.
 (C:\Users\ferra\AppData\Local\Programs\MiKTeX\tex/latex/graphics-def\pdftex.def
File: pdftex.def 2022/09/22 v1.2b Graphics/color driver for pdftex
))
\Gin@req@height=\dimen154
\Gin@req@width=\dimen155
) (C:\Users\ferra\AppData\Local\Programs\MiKTeX\tex/latex/csquotes\csquotes.sty
Package: csquotes 2024-04-04 v5.2o context-sensitive quotations (JAW)
\csq@reset=\count282
\csq@gtype=\count283
\csq@glevel=\count284
\csq@qlevel=\count285
\csq@maxlvl=\count286
\csq@tshold=\count287
\csq@ltx@everypar=\toks21
 (C:\Users\ferra\AppData\Local\Programs\MiKTeX\tex/latex/csquotes\csquotes.def
File: csquotes.def 2024-04-04 v5.2o csquotes generic definitions (JAW)
)
Package csquotes Info: Trying to load configuration file 'csquotes.cfg'...
Package csquotes Info: ... configuration file loaded successfully.
 (C:\Users\ferra\AppData\Local\Programs\MiKTeX\tex/latex/csquotes\csquotes.cfg
File: csquotes.cfg 
)) (C:\Users\ferra\AppData\Local\Programs\MiKTeX\tex/latex/titlesec\titlesec.sty
Package: titlesec 2023/10/27 v2.16 Sectioning titles
\ttl@box=\box51
\beforetitleunit=\skip52
\aftertitleunit=\skip53
\ttl@plus=\dimen156
\ttl@minus=\dimen157
\ttl@toksa=\toks22
\titlewidth=\dimen158
\titlewidthlast=\dimen159
\titlewidthfirst=\dimen160
) (C:\Users\ferra\AppData\Local\Programs\MiKTeX\tex/latex/float\float.sty
Package: float 2001/11/08 v1.3d Float enhancements (AL)
\c@float@type=\count288
\float@exts=\toks23
\float@box=\box52
\@float@everytoks=\toks24
\@floatcapt=\box53
) (C:\Users\ferra\AppData\Local\Programs\MiKTeX\tex/latex/listings\listings.sty
\lst@mode=\count289
\lst@gtempboxa=\box54
\lst@token=\toks25
\lst@length=\count290
\lst@currlwidth=\dimen161
\lst@column=\count291
\lst@pos=\count292
\lst@lostspace=\dimen162
\lst@width=\dimen163
\lst@newlines=\count293
\lst@lineno=\count294
\lst@maxwidth=\dimen164
 (C:\Users\ferra\AppData\Local\Programs\MiKTeX\tex/latex/listings\lstmisc.sty
File: lstmisc.sty 2023/02/27 1.9 (Carsten Heinz)
\c@lstnumber=\count295
\lst@skipnumbers=\count296
\lst@framebox=\box55
) (C:\Users\ferra\AppData\Local\Programs\MiKTeX\tex/latex/listings\listings.cfg
File: listings.cfg 2023/02/27 1.9 listings configuration
))
Package: listings 2023/02/27 1.9 (Carsten Heinz)
 (C:\Users\ferra\AppData\Local\Programs\MiKTeX\tex/latex/xcolor\xcolor.sty
Package: xcolor 2023/11/15 v3.01 LaTeX color extensions (UK)
 (C:\Users\ferra\AppData\Local\Programs\MiKTeX\tex/latex/graphics-cfg\color.cfg
File: color.cfg 2016/01/02 v1.6 sample color configuration
)
Package xcolor Info: Driver file: pdftex.def on input line 274.
 (C:\Users\ferra\AppData\Local\Programs\MiKTeX\tex/latex/graphics\mathcolor.ltx)
Package xcolor Info: Model `cmy' substituted by `cmy0' on input line 1350.
Package xcolor Info: Model `hsb' substituted by `rgb' on input line 1354.
Package xcolor Info: Model `RGB' extended on input line 1366.
Package xcolor Info: Model `HTML' substituted by `rgb' on input line 1368.
Package xcolor Info: Model `Hsb' substituted by `hsb' on input line 1369.
Package xcolor Info: Model `tHsb' substituted by `hsb' on input line 1370.
Package xcolor Info: Model `HSB' substituted by `hsb' on input line 1371.
Package xcolor Info: Model `Gray' substituted by `gray' on input line 1372.
Package xcolor Info: Model `wave' substituted by `hsb' on input line 1373.
)
Package csquotes Info: Checking for multilingual support...
Package csquotes Info: ... found 'babel' package.
Package csquotes Info: Adjusting default style.
Package csquotes Info: Redefining alias 'default' -> 'italian'.
LaTeX Font Info:    Trying to load font information for OT1+ptm on input line 84.
 (C:\Users\ferra\AppData\Local\Programs\MiKTeX\tex/latex/psnfss\ot1ptm.fd
File: ot1ptm.fd 2001/06/04 font definitions for OT1/ptm.
) (C:\Users\ferra\AppData\Local\Programs\MiKTeX\tex/latex/l3backend\l3backend-pdftex.def
File: l3backend-pdftex.def 2024-01-04 L3 backend support: PDF output (pdfTeX)
\l__color_backend_stack_int=\count297
\l__pdf_internal_box=\box56
) (tesi.aux)
\openout1 = `tesi.aux'.

LaTeX Font Info:    Checking defaults for OML/cmm/m/it on input line 84.
LaTeX Font Info:    ... okay on input line 84.
LaTeX Font Info:    Checking defaults for OMS/cmsy/m/n on input line 84.
LaTeX Font Info:    ... okay on input line 84.
LaTeX Font Info:    Checking defaults for OT1/cmr/m/n on input line 84.
LaTeX Font Info:    ... okay on input line 84.
LaTeX Font Info:    Checking defaults for T1/cmr/m/n on input line 84.
LaTeX Font Info:    ... okay on input line 84.
LaTeX Font Info:    Checking defaults for TS1/cmr/m/n on input line 84.
LaTeX Font Info:    ... okay on input line 84.
LaTeX Font Info:    Checking defaults for OMX/cmex/m/n on input line 84.
LaTeX Font Info:    ... okay on input line 84.
LaTeX Font Info:    Checking defaults for U/cmr/m/n on input line 84.
LaTeX Font Info:    ... okay on input line 84.
LaTeX Font Info:    Checking defaults for PD1/pdf/m/n on input line 84.
LaTeX Font Info:    ... okay on input line 84.
LaTeX Font Info:    Checking defaults for PU/pdf/m/n on input line 84.
LaTeX Font Info:    ... okay on input line 84.

*geometry* driver: auto-detecting
*geometry* detected driver: pdftex
*geometry* verbose mode - [ preamble ] result:
* driver: pdftex
* paper: <default>
* layout: <same size as paper>
* layoutoffset:(h,v)=(0.0pt,0.0pt)
* hratio: 1:1
* vratio: 1:1
* modes: 
* h-part:(L,W,R)=(113.81102pt, 429.3521pt, 71.13188pt)
* v-part:(T,H,B)=(71.13188pt, 652.70622pt, 71.13188pt)
* \paperwidth=614.295pt
* \paperheight=794.96999pt
* \textwidth=429.3521pt
* \textheight=652.70622pt
* \oddsidemargin=41.54103pt
* \evensidemargin=41.54103pt
* \topmargin=-47.8881pt
* \headheight=21.75pt
* \headsep=25.0pt
* \topskip=12.0pt
* \footskip=30.0pt
* \marginparwidth=44.0pt
* \marginparsep=10.0pt
* \columnsep=10.0pt
* \skip\footins=10.8pt plus 4.0pt minus 2.0pt
* \hoffset=0.0pt
* \voffset=0.0pt
* \mag=1000
* \@twocolumnfalse
* \@twosidefalse
* \@mparswitchfalse
* \@reversemarginfalse
* (1in=72.27pt=25.4mm, 1cm=28.453pt)

LaTeX Info: Redefining \it@ocap on input line 84.
LaTeX Info: Redefining \it@ccap on input line 84.

File italian.ldf warning: 
italian.ldf    With OT1 encoding guillemets are poorly faked
italian.ldf    Use T1 encoding
italian.ldf    or specify a font with command \CaporaliFrom
italian.ldf    See the documentation concerning the babel-italian typesetting
italian.ldf    on input line 84.

Package hyperref Info: Link coloring OFF on input line 84.
(tesi.out) (tesi.out)
\@outlinefile=\write3
\openout3 = `tesi.out'.

\big@size=\dimen165
 (C:\Users\ferra\AppData\Local\Programs\MiKTeX\tex/context/base/mkii\supp-pdf.mkii
[Loading MPS to PDF converter (version 2006.09.02).]
\scratchcounter=\count298
\scratchdimen=\dimen166
\scratchbox=\box57
\nofMPsegments=\count299
\nofMParguments=\count300
\everyMPshowfont=\toks26
\MPscratchCnt=\count301
\MPscratchDim=\dimen167
\MPnumerator=\count302
\makeMPintoPDFobject=\count303
\everyMPtoPDFconversion=\toks27
) (C:\Users\ferra\AppData\Local\Programs\MiKTeX\tex/latex/epstopdf-pkg\epstopdf-base.sty
Package: epstopdf-base 2020-01-24 v2.11 Base part for package epstopdf
Package epstopdf-base Info: Redefining graphics rule for `.eps' on input line 485.
 (C:\Users\ferra\AppData\Local\Programs\MiKTeX\tex/latex/00miktex\epstopdf-sys.cfg
File: epstopdf-sys.cfg 2021/03/18 v2.0 Configuration of epstopdf for MiKTeX
))
\c@lstlisting=\count304
<cherubino_pant541.png, id=167, 287.6346pt x 293.1753pt>
File: cherubino_pant541.png Graphic file (type png)
<use cherubino_pant541.png>
Package pdftex.def Info: cherubino_pant541.png  used on input line 88.
(pdftex.def)             Requested size: 143.81694pt x 146.58728pt.
 [1

{C:/Users/ferra/AppData/Local/MiKTeX/fonts/map/pdftex/pdftex.map}{C:/Users/ferra/AppData/Local/Programs/MiKTeX/fonts/enc/dvips/base/8r.enc} <./cherubino_pant541.png>] (tesi.toc
LaTeX Font Info:    Trying to load font information for OT1+ztmcm on input line 6.
 (C:\Users\ferra\AppData\Local\Programs\MiKTeX\tex/latex/psnfss\ot1ztmcm.fd
File: ot1ztmcm.fd 2000/01/03 Fontinst v1.801 font definitions for OT1/ztmcm.
)
LaTeX Font Info:    Trying to load font information for OML+ztmcm on input line 6.
 (C:\Users\ferra\AppData\Local\Programs\MiKTeX\tex/latex/psnfss\omlztmcm.fd
File: omlztmcm.fd 2000/01/03 Fontinst v1.801 font definitions for OML/ztmcm.
)
LaTeX Font Info:    Trying to load font information for OMS+ztmcm on input line 6.
 (C:\Users\ferra\AppData\Local\Programs\MiKTeX\tex/latex/psnfss\omsztmcm.fd
File: omsztmcm.fd 2000/01/03 Fontinst v1.801 font definitions for OMS/ztmcm.
)
LaTeX Font Info:    Trying to load font information for OMX+ztmcm on input line 6.
 (C:\Users\ferra\AppData\Local\Programs\MiKTeX\tex/latex/psnfss\omxztmcm.fd
File: omxztmcm.fd 2000/01/03 Fontinst v1.801 font definitions for OMX/ztmcm.
)
LaTeX Font Info:    Font shape `OT1/ptm/bx/n' in size <12> not available
(Font)              Font shape `OT1/ptm/b/n' tried instead on input line 6.
LaTeX Font Info:    Font shape `OT1/ptm/bx/n' in size <9> not available
(Font)              Font shape `OT1/ptm/b/n' tried instead on input line 6.
LaTeX Font Info:    Font shape `OT1/ptm/bx/n' in size <7> not available
(Font)              Font shape `OT1/ptm/b/n' tried instead on input line 6.

pdfTeX warning (ext4): destination with the same identifier (name{page.1}) has been already used, duplicate ignored
<to be read again> 
                   \relax 
l.30 ...\numberline {5}Conclusioni}{57}{chapter.5}
                                                  % [1

]
Overfull \hbox (10.99533pt too wide) in paragraph at lines 34--34
 [][] [][]\OT1/ptm/m/n/12 Aggiunta co-strain-ts: Mo-di-fi-ca ai fi-le Ob-jec-ts e te-st[]functional[]create[]service.py[] [][]  
 []

)
\tf@toc=\write4
\openout4 = `tesi.toc'.

 [2] (tesi.lof [3

])
\tf@lof=\write5
\openout5 = `tesi.lof'.

 [4] (Introbuzione.tex
Capitolo 1.
)
pdfTeX warning (ext4): destination with the same identifier (name{page.1}) has been already used, duplicate ignored
<to be read again> 
                   \relax 
l.124 
       [1


]
pdfTeX warning (ext4): destination with the same identifier (name{page.2}) has been already used, duplicate ignored
<to be read again> 
                   \relax 
l.124 
       [2]
pdfTeX warning (ext4): destination with the same identifier (name{page.3}) has been already used, duplicate ignored
<to be read again> 
                   \relax 
l.124 
       [3]
pdfTeX warning (ext4): destination with the same identifier (name{page.4}) has been already used, duplicate ignored
<to be read again> 
                   \relax 
l.125 \clearpage
                 [4] (Contesto.tex
Capitolo 2.
<sdn.png, id=352, 516.7305pt x 334.24875pt>
File: sdn.png Graphic file (type png)
<use sdn.png>
Package pdftex.def Info: sdn.png  used on input line 48.
(pdftex.def)             Requested size: 429.3521pt x 277.73239pt.
[5


] [6] [7
pdfTeX warning (ext4): destination with the same identifier (name{figure.2.1}) has been already used, duplicate ignored
<argument> ...shipout:D \box_use:N \l_shipout_box 
                                                  \__shipout_drop_firstpage_...
l.81 
      <./sdn.png>] [8] [9] [10]
<archonos.png, id=414, 817.25325pt x 453.49425pt>
File: archonos.png Graphic file (type png)
<use archonos.png>
Package pdftex.def Info: archonos.png  used on input line 135.
(pdftex.def)             Requested size: 429.3521pt x 238.2472pt.
 [11
pdfTeX warning (ext4): destination with the same identifier (name{figure.2.2}) has been already used, duplicate ignored
<argument> ...shipout:D \box_use:N \l_shipout_box 
                                                  \__shipout_drop_firstpage_...
l.156 \begin{itemize}
                      <./archonos.png>]
LaTeX Font Info:    Trying to load font information for TS1+ptm on input line 157.
 (C:\Users\ferra\AppData\Local\Programs\MiKTeX\tex/latex/psnfss\ts1ptm.fd
File: ts1ptm.fd 2001/06/04 font definitions for TS1/ptm.
)
Underfull \hbox (badness 10000) in paragraph at lines 161--190

 []

[12] [13]
<ODL-Architecture.png, id=443, 853.1875pt x 479.7925pt>
File: ODL-Architecture.png Graphic file (type png)
<use ODL-Architecture.png>
Package pdftex.def Info: ODL-Architecture.png  used on input line 200.
(pdftex.def)             Requested size: 429.3521pt x 241.45503pt.

Underfull \hbox (badness 10000) in paragraph at lines 192--239

 []

[14
pdfTeX warning (ext4): destination with the same identifier (name{figure.2.3}) has been already used, duplicate ignored
<argument> ...shipout:D \box_use:N \l_shipout_box 
                                                  \__shipout_drop_firstpage_...
l.239 \begin{itemize}
                      <./ODL-Architecture.png>] [15]
<kubernetes.png, id=470, 442.65375pt x 211.992pt>
File: kubernetes.png Graphic file (type png)
<use kubernetes.png>
Package pdftex.def Info: kubernetes.png  used on input line 260.
(pdftex.def)             Requested size: 429.3521pt x 205.63197pt.
 [16] [17
pdfTeX warning (ext4): destination with the same identifier (name{figure.2.4}) has been already used, duplicate ignored
<argument> ...shipout:D \box_use:N \l_shipout_box 
                                                  \__shipout_drop_firstpage_...
l.272 \begin{itemize}
                      <./kubernetes.png>] [18] [19] [20]) (Teraflow.tex [21]
Capitolo 3.
[22

]
<architetturatf.png, id=529, 598.03426pt x 368.577pt>
File: architetturatf.png Graphic file (type png)
<use architetturatf.png>
Package pdftex.def Info: architetturatf.png  used on input line 44.
(pdftex.def)             Requested size: 429.3521pt x 264.61598pt.


LaTeX Warning: `h' float specifier changed to `ht'.

[23] [24
pdfTeX warning (ext4): destination with the same identifier (name{figure.3.1}) has been already used, duplicate ignored
<argument> ...shipout:D \box_use:N \l_shipout_box 
                                                  \__shipout_drop_firstpage_...
l.61 \begin{itemize}
                     <./architetturatf.png>] [25] [26] [27] [28] [29]
<diagramma policy.png, id=582, 525.162pt x 224.63925pt>
File: diagramma policy.png Graphic file (type png)
<use diagramma policy.png>
Package pdftex.def Info: diagramma policy.png  used on input line 184.
(pdftex.def)             Requested size: 429.3521pt x 183.65692pt.
<grpc.png, id=588, 483.60675pt x 213.79875pt>
File: grpc.png Graphic file (type png)
<use grpc.png>
Package pdftex.def Info: grpc.png  used on input line 219.
(pdftex.def)             Requested size: 429.3521pt x 189.81703pt.
<file proto.png, id=593, 504.6855pt x 333.04425pt>
File: file proto.png Graphic file (type png)
<use file proto.png>
Package pdftex.def Info: file proto.png  used on input line 230.
(pdftex.def)             Requested size: 429.3521pt x 283.34303pt.
 [30
pdfTeX warning (ext4): destination with the same identifier (name{figure.3.2}) has been already used, duplicate ignored
<argument> ...shipout:D \box_use:N \l_shipout_box 
                                                  \__shipout_drop_firstpage_...
l.254 
       <./diagramma policy.png>]

LaTeX Warning: `h' float specifier changed to `ht'.

[31
pdfTeX warning (ext4): destination with the same identifier (name{figure.3.3}) has been already used, duplicate ignored
<argument> ...shipout:D \box_use:N \l_shipout_box 
                                                  \__shipout_drop_firstpage_...
l.254 
       <./grpc.png>] [32
pdfTeX warning (ext4): destination with the same identifier (name{figure.3.4}) has been already used, duplicate ignored
<argument> ...shipout:D \box_use:N \l_shipout_box 
                                                  \__shipout_drop_firstpage_...
l.254 
       <./file proto.png>]) (Policy.tex [33]
Capitolo 4.
[34

]
<mininet.png, id=634, 712.46175pt x 393.26926pt>
File: mininet.png Graphic file (type png)
<use mininet.png>
Package pdftex.def Info: mininet.png  used on input line 47.
(pdftex.def)             Requested size: 429.3521pt x 237.00151pt.


LaTeX Warning: `h' float specifier changed to `ht'.

[35] [36
pdfTeX warning (ext4): destination with the same identifier (name{figure.4.1}) has been already used, duplicate ignored
<argument> ...shipout:D \box_use:N \l_shipout_box 
                                                  \__shipout_drop_firstpage_...
l.69 \end{itemize}
                   <./mininet.png>] [37] [38] [39]
<p4.png, id=671, 467.94826pt x 351.11176pt>
File: p4.png Graphic file (type png)
<use p4.png>
Package pdftex.def Info: p4.png  used on input line 153.
(pdftex.def)             Requested size: 429.3521pt x 322.1588pt.


LaTeX Warning: `h' float specifier changed to `ht'.

[40] [41
pdfTeX warning (ext4): destination with the same identifier (name{figure.4.2}) has been already used, duplicate ignored
<argument> ...shipout:D \box_use:N \l_shipout_box 
                                                  \__shipout_drop_firstpage_...
l.181 
       <./p4.png>]
<componenti.png, id=686, 464.937pt x 417.35925pt>
File: componenti.png Graphic file (type png)
<use componenti.png>
Package pdftex.def Info: componenti.png  used on input line 187.
(pdftex.def)             Requested size: 429.3521pt x 385.43988pt.

Underfull \hbox (badness 10000) in paragraph at lines 183--246

 []


Underfull \hbox (badness 10000) in paragraph at lines 183--246

 []


Overfull \hbox (13.21472pt too wide) in paragraph at lines 183--246
\OT1/ptm/m/n/12 Una par-te fon-da-men-ta-le nei si-ste-mi mo-der-ni []e la ge-stio-ne a run-time del ser-vi-zio stabilito[[]].
 []


LaTeX Warning: `h' float specifier changed to `ht'.

[42] [43
pdfTeX warning (ext4): destination with the same identifier (name{figure.4.3}) has been already used, duplicate ignored
<argument> ...shipout:D \box_use:N \l_shipout_box 
                                                  \__shipout_drop_firstpage_...
l.246 
       <./componenti.png>] [44]
<topologiasw4.png, id=717, 595.22375pt x 235.88126pt>
File: topologiasw4.png Graphic file (type png)
<use topologiasw4.png>
Package pdftex.def Info: topologiasw4.png  used on input line 259.
(pdftex.def)             Requested size: 429.3521pt x 170.1475pt.
LaTeX Font Info:    Trying to load font information for OMS+ptm on input line 278.
 (C:\Users\ferra\AppData\Local\Programs\MiKTeX\tex/latex/psnfss\omsptm.fd
File: omsptm.fd 
)
LaTeX Font Info:    Font shape `OMS/ptm/m/it' in size <12> not available
(Font)              Font shape `OMS/cmsy/m/n' tried instead on input line 278.
<service active.png, id=720, 1154.51324pt x 363.15675pt>
File: service active.png Graphic file (type png)
<use service active.png>
Package pdftex.def Info: service active.png  used on input line 283.
(pdftex.def)             Requested size: 429.3521pt x 135.05301pt.
<policy sw2.png, id=721, 1139.457pt x 455.90324pt>
File: policy sw2.png Graphic file (type png)
<use policy sw2.png>
Package pdftex.def Info: policy sw2.png  used on input line 289.
(pdftex.def)             Requested size: 429.3521pt x 171.78415pt.
<modificafile.png, id=723, 344.78813pt x 115.18031pt>
File: modificafile.png Graphic file (type png)
<use modificafile.png>
Package pdftex.def Info: modificafile.png  used on input line 299.
(pdftex.def)             Requested size: 300.54515pt x 100.40112pt.
<politica lat.png, id=725, 1397.22pt x 451.6875pt>
File: politica lat.png Graphic file (type png)
<use politica lat.png>
Package pdftex.def Info: politica lat.png  used on input line 307.
(pdftex.def)             Requested size: 429.3521pt x 138.80176pt.
<policy con sw3.png, id=727, 1136.44576pt x 483.0045pt>
File: policy con sw3.png Graphic file (type png)
<use policy con sw3.png>
Package pdftex.def Info: policy con sw3.png  used on input line 322.
(pdftex.def)             Requested size: 429.3521pt x 182.47495pt.

Overfull \hbox (19.31024pt too wide) in paragraph at lines 253--331
\OT1/ptm/m/n/12 Il pri-mo co-man-do da ese-gui-re sul ter-mi-na-le re-la-ti-vo al con-trol-ler (\OT1/ptm/m/it/12 ./sr-c/-tests/-hack-fe-st3/setup.sh\OT1/ptm/m/n/12 )
 []


Overfull \hbox (4.57423pt too wide) in paragraph at lines 253--331
\OT1/ptm/m/n/12 A que-sto pun-to si pu[]o crea-re il ser-vi-zio tra i due end-poin-ts (\OT1/ptm/m/it/12 ./sr-c/-tests/-hack-fe-st3/run[]test[]02[]
 []

[45] [46
pdfTeX warning (ext4): destination with the same identifier (name{figure.4.4}) has been already used, duplicate ignored
<argument> ...shipout:D \box_use:N \l_shipout_box 
                                                  \__shipout_drop_firstpage_...
l.331 \subsection{Esperimento 2}
                                 <./topologiasw4.png>]

LaTeX Warning: `h' float specifier changed to `ht'.


LaTeX Warning: `h' float specifier changed to `ht'.

[47
pdfTeX warning (ext4): destination with the same identifier (name{figure.4.5}) has been already used, duplicate ignored
<argument> ...shipout:D \box_use:N \l_shipout_box 
                                                  \__shipout_drop_firstpage_...
l.331 \subsection{Esperimento 2}
                                 <./service active.png>]

LaTeX Warning: `h' float specifier changed to `ht'.

[48
pdfTeX warning (ext4): destination with the same identifier (name{figure.4.6}) has been already used, duplicate ignored
<argument> ...shipout:D \box_use:N \l_shipout_box 
                                                  \__shipout_drop_firstpage_...
l.331 \subsection{Esperimento 2}
                                
pdfTeX warning (ext4): destination with the same identifier (name{figure.4.7}) has been already used, duplicate ignored
<argument> ...shipout:D \box_use:N \l_shipout_box 
                                                  \__shipout_drop_firstpage_...
l.331 \subsection{Esperimento 2}
                                 <./policy sw2.png> <./modificafile.png>]
<sw4.drawio.png, id=754, 757.83125pt x 235.88126pt>
File: sw4.drawio.png Graphic file (type png)
<use sw4.drawio.png>
Package pdftex.def Info: sw4.drawio.png  used on input line 336.
(pdftex.def)             Requested size: 429.3521pt x 133.64027pt.
<service sw8.png, id=758, 1126.2075pt x 413.74574pt>
File: service sw8.png Graphic file (type png)
<use service sw8.png>
Package pdftex.def Info: service sw8.png  used on input line 363.
(pdftex.def)             Requested size: 429.3521pt x 157.73639pt.
<create new event ag.png, id=759, 298.716pt x 226.446pt>
File: create new event ag.png Graphic file (type png)
<use create new event ag.png>
Package pdftex.def Info: create new event ag.png  used on input line 369.
(pdftex.def)             Requested size: 214.67604pt x 162.74382pt.
<policy 5 100.png, id=761, 1136.44576pt x 401.0985pt>
File: policy 5 100.png Graphic file (type png)
<use policy 5 100.png>
Package pdftex.def Info: policy 5 100.png  used on input line 378.
(pdftex.def)             Requested size: 429.3521pt x 151.53157pt.
<servizion constraints.png, id=763, 1362.59062pt x 582.67688pt>
File: servizion constraints.png Graphic file (type png)
<use servizion constraints.png>
Package pdftex.def Info: servizion constraints.png  used on input line 395.
(pdftex.def)             Requested size: 429.3521pt x 183.59753pt.

Overfull \hbox (45.0738pt too wide) in paragraph at lines 332--399
\OT1/ptm/m/n/12 Prima di ini-zia-liz-za-re la to-po-lo-gia []e sta-to ne-ces-sa-rio mo-di-fi-ca-re il fi-le \OT1/ptm/m/it/12 ngsdn-tutorial/mininet/docker-
 []


Overfull \hbox (30.60515pt too wide) in paragraph at lines 332--399
\OT1/ptm/m/n/12 TS[]RECEIVED, BY-TES[]TRANSMITTED, BY-TES[]RECEIVED e LINK[]TOTAL[]CAPACITY
 []

[49
pdfTeX warning (ext4): destination with the same identifier (name{figure.4.8}) has been already used, duplicate ignored
<argument> ...shipout:D \box_use:N \l_shipout_box 
                                                  \__shipout_drop_firstpage_...
l.399 
      
pdfTeX warning (ext4): destination with the same identifier (name{figure.4.9}) has been already used, duplicate ignored
<argument> ...shipout:D \box_use:N \l_shipout_box 
                                                  \__shipout_drop_firstpage_...
l.399 
       <./politica lat.png> <./policy con sw3.png>] [50
pdfTeX warning (ext4): destination with the same identifier (name{figure.4.10}) has been already used, duplicate ignored
<argument> ...shipout:D \box_use:N \l_shipout_box 
                                                  \__shipout_drop_firstpage_...
l.399 
       <./sw4.drawio.png>]

LaTeX Warning: `h' float specifier changed to `ht'.

[51
pdfTeX warning (ext4): destination with the same identifier (name{figure.4.11}) has been already used, duplicate ignored
<argument> ...shipout:D \box_use:N \l_shipout_box 
                                                  \__shipout_drop_firstpage_...
l.399 
       <./service sw8.png>] [52
pdfTeX warning (ext4): destination with the same identifier (name{figure.4.12}) has been already used, duplicate ignored
<argument> ...shipout:D \box_use:N \l_shipout_box 
                                                  \__shipout_drop_firstpage_...
l.399 
      
pdfTeX warning (ext4): destination with the same identifier (name{figure.4.13}) has been already used, duplicate ignored
<argument> ...shipout:D \box_use:N \l_shipout_box 
                                                  \__shipout_drop_firstpage_...
l.399 
       <./create new event ag.png> <./policy 5 100.png>]
<service abilene (10).png, id=793, 993.7125pt x 486.618pt>
File: service abilene (10).png Graphic file (type png)
<use service abilene (10).png>
Package pdftex.def Info: service abilene (10).png  used on input line 416.
(pdftex.def)             Requested size: 429.3521pt x 210.25148pt.
<policy cap.png, id=794, 1136.44576pt x 398.08725pt>
File: policy cap.png Graphic file (type png)
<use policy cap.png>
Package pdftex.def Info: policy cap.png  used on input line 422.
(pdftex.def)             Requested size: 429.3521pt x 150.39395pt.
<service abilene (11).png, id=797, 1046.10825pt x 447.47176pt>
File: service abilene (11).png Graphic file (type png)
<use service abilene (11).png>
Package pdftex.def Info: service abilene (11).png  used on input line 439.
(pdftex.def)             Requested size: 429.3521pt x 183.65578pt.
<service 3 10 11.png, id=798, 1012.38225pt x 486.01575pt>
File: service 3 10 11.png Graphic file (type png)
<use service 3 10 11.png>
Package pdftex.def Info: service 3 10 11.png  used on input line 445.
(pdftex.def)             Requested size: 429.3521pt x 206.12012pt.
 [53
pdfTeX warning (ext4): destination with the same identifier (name{figure.4.14}) has been already used, duplicate ignored
<argument> ...shipout:D \box_use:N \l_shipout_box 
                                                  \__shipout_drop_firstpage_...
l.449 
       <./servizion constraints.png>]

LaTeX Warning: `h' float specifier changed to `ht'.

[54
pdfTeX warning (ext4): destination with the same identifier (name{figure.4.15}) has been already used, duplicate ignored
<argument> ...shipout:D \box_use:N \l_shipout_box 
                                                  \__shipout_drop_firstpage_...
l.449 
       <./service abilene (10).png>]

LaTeX Warning: `h' float specifier changed to `ht'.

) (Conclusioni.tex [55
pdfTeX warning (ext4): destination with the same identifier (name{figure.4.16}) has been already used, duplicate ignored
<argument> ...shipout:D \box_use:N \l_shipout_box 
                                                  \__shipout_drop_firstpage_...
l.1 \chapter
            {Conclusioni}
pdfTeX warning (ext4): destination with the same identifier (name{figure.4.17}) has been already used, duplicate ignored
<argument> ...shipout:D \box_use:N \l_shipout_box 
                                                  \__shipout_drop_firstpage_...
l.1 \chapter
            {Conclusioni} <./policy cap.png> <./service abilene (11).png>] [56
pdfTeX warning (ext4): destination with the same identifier (name{figure.4.18}) has been already used, duplicate ignored
<argument> ...shipout:D \box_use:N \l_shipout_box 
                                                  \__shipout_drop_firstpage_...
l.1 \chapter
            {Conclusioni} <./service 3 10 11.png>]
Capitolo 5.
) (Appendice.tex [57

]
Capitolo 6.
<odl/Potassium.png, id=829, 762.4485pt x 226.446pt>
File: odl/Potassium.png Graphic file (type png)
<use odl/Potassium.png>
Package pdftex.def Info: odl/Potassium.png  used on input line 14.
(pdftex.def)             Requested size: 429.3521pt x 127.51721pt.
LaTeX Font Info:    Font shape `OT1/cmtt/bx/n' in size <10> not available
(Font)              Font shape `OT1/cmtt/m/n' tried instead on input line 20.
<odl/feature.png, id=830, 1088.26575pt x 237.88875pt>
File: odl/feature.png Graphic file (type png)
<use odl/feature.png>
Package pdftex.def Info: odl/feature.png  used on input line 24.
(pdftex.def)             Requested size: 429.3521pt x 93.85431pt.

LaTeX Warning: `h' float specifier changed to `ht'.

[58


pdfTeX warning (ext4): destination with the same identifier (name{figure.6.1}) has been already used, duplicate ignored
<argument> ...shipout:D \box_use:N \l_shipout_box 
                                                  \__shipout_drop_firstpage_...
l.34 \begin{lstlisting}[language=Python]
                                         <./odl/Potassium.png>]
Overfull \hbox (182.56097pt too wide) in paragraph at lines 42--42
|[]\OT1/ptm/b/n/17.28 Aggiunta co-strain-ts: Mo-di-fi-ca ai fi-le Ob-jec-ts e te-st[]functional[]create[]service.py| 
 []

[59
pdfTeX warning (ext4): destination with the same identifier (name{figure.6.2}) has been already used, duplicate ignored
<argument> ...shipout:D \box_use:N \l_shipout_box 
                                                  \__shipout_drop_firstpage_...
l.53     (S
           ERVICE_SW1_SW8, SERVICE_SW1_SW8_ENDPOINT_IDS, constraints), <./odl/feature.png>]
LaTeX Font Info:    Font shape `OT1/cmtt/bx/n' in size <10.95> not available
(Font)              Font shape `OT1/cmtt/m/n' tried instead on input line 58.
LaTeX Font Info:    Trying to load font information for TS1+cmtt on input line 70.
 (C:\Users\ferra\AppData\Local\Programs\MiKTeX\tex/latex/base\ts1cmtt.fd
File: ts1cmtt.fd 2023/04/13 v2.5m Standard LaTeX font definitions
) [60] [61] [62] [63] [64] [65] [66] [67]
Overfull \hbox (18.35481pt too wide) in paragraph at lines 308--309
[][][] 
 []

[68] [69] [70] [71] [72] [73] [74] [75] [76] [77] [78] [79] [80]) (tesi.bbl [81]
Underfull \hbox (badness 2088) in paragraph at lines 34--37
[]\OT1/ptm/m/n/12 D3.2: Fi-nal eva-lua-tion of life-cycle au-to-ma-tion and hi-gh per-for-man-ce sdn
 []


Underfull \hbox (badness 10000) in paragraph at lines 45--48
[]\OT1/ptm/m/n/12 Protocol buf-fer del-le com-po-nen-ti in te-ra-flow.  []$\OT1/cmtt/m/n/12 https : / / gitlab . com /
 []

[82

]
Underfull \hbox (badness 1721) in paragraph at lines 133--137
[]\OT1/ptm/m/n/12 Diego Kreu-tz, Fer-nan-do Ra-mos, Pau-lo Ver[]^^Pssimo, Chri-stian Este-ve Ro-then-
 []

[83]
Underfull \hbox (badness 10000) in paragraph at lines 160--163
[]\OT1/ptm/m/it/12 MEC\OT1/ptm/m/n/12 .  url: []$\OT1/cmtt/m/n/12 https : / / www . etsi . org / technologies /
 []

[84]
Underfull \hbox (badness 10000) in paragraph at lines 236--239
[]\OT1/ptm/m/n/12 Modulo nic di odl.  []$\OT1/cmtt/m/n/12 https : / / test-[]odl-[]docs . readthedocs . io / en /
 []


Underfull \hbox (badness 10000) in paragraph at lines 236--239
\OT1/cmtt/m/n/12 stable-[]boron / user-[]guide / network-[]intent-[]composition-[](nic )
 []

[85]
Underfull \hbox (badness 10000) in paragraph at lines 290--293
\OT1/cmtt/m/n/12 funding / funding-[]opportunities / funding-[]programmes-[]and-[]open-[]calls /
 []


Underfull \hbox (badness 5696) in paragraph at lines 309--312
[]\OT1/ptm/m/n/12 Teraflowsdn co-re com-po-nen-ts.  []$\OT1/cmtt/m/n/12 https : / / www . teraflow-[]h2020 . eu / blog /
 []


Underfull \hbox (badness 3354) in paragraph at lines 319--324
[]\OT1/ptm/m/n/12 Daniel Adan-za, Lluis Gi-fre, Pol Ale-ma-ny, Juan-Pedro Fern[]andez-Palacios,
 []

[86]
Underfull \hbox (badness 10000) in paragraph at lines 362--364
[]\OT1/ptm/m/n/12 Hackfest 3.  []$\OT1/cmtt/m/n/12 https : / / labs . etsi . org / rep / groups / tfs / -[] / wikis /
 []


Underfull \hbox (badness 3240) in paragraph at lines 371--373
[]\OT1/ptm/m/it/12 Cartella ngsdn-tutorial\OT1/ptm/m/n/12 .  url: []$\OT1/cmtt/m/n/12 https : / / github . com / opennetworkinglab /
 []

[87]
Underfull \hbox (badness 1810) in paragraph at lines 389--393
[]\OT1/ptm/m/n/12 Nikhil Han-di-gol Bob Lan-tz and Vi-mal Jeya-ku-mar Bran-don Hel-ler.  \OT1/ptm/m/it/12 In-tro-
 []


Underfull \hbox (badness 2961) in paragraph at lines 389--393
\OT1/ptm/m/it/12 duc-tion to Mi-ni-net\OT1/ptm/m/n/12 .  url: []$\OT1/cmtt/m/n/12 https : / / github . com / mininet / mininet / wiki /
 []


Underfull \hbox (badness 10000) in paragraph at lines 411--414
[]\OT1/ptm/m/it/12 File Ser-vi-ce-Ser-vi-ce-Ser-vi-ce-rIm-pl\OT1/ptm/m/n/12 .  url: []$\OT1/cmtt/m/n/12 https : / / labs . etsi . org /
 []


Underfull \hbox (badness 10000) in paragraph at lines 411--414
\OT1/cmtt/m/n/12 rep / tfs / controller / -[] / blob / master / src / service / service /
 []


Underfull \hbox (badness 1221) in paragraph at lines 429--432
[]\OT1/ptm/m/it/12 File Kpi-Sam-ple-Ty-pe\OT1/ptm/m/n/12 .  url: []$\OT1/cmtt/m/n/12 https : / / labs . etsi . org / rep / tfs / controller /
 []


Underfull \hbox (badness 10000) in paragraph at lines 429--432
\OT1/cmtt/m/n/12 -[] / blob / master / src / context / service / database / models / enums /
 []


Underfull \hbox (badness 10000) in paragraph at lines 434--437
\OT1/cmtt/m/n/12 -[] / blob / master / src / policy / src / main / java / org / etsi / tfs / policy /
 []

[88]
Underfull \hbox (badness 2080) in paragraph at lines 460--466
[]\OT1/ptm/m/n/12 Wikipedia con-tri-bu-tors.  Abi-le-ne net-work --- Wi-ki-pe-dia, the free en-cy-clo-
 []


Underfull \hbox (badness 8094) in paragraph at lines 468--471
[]\OT1/ptm/m/it/12 File Mi-ni-net per la to-po-lo-gia Abi-le-ne\OT1/ptm/m/n/12 .  url: []$\OT1/cmtt/m/n/12 https : / / github . com /
 []


Underfull \hbox (badness 10000) in paragraph at lines 468--471
\OT1/cmtt/m/n/12 sjas / assessing-[]mininet / blob / master / parser / topologies / Abilene .
 []


Underfull \hbox (badness 2521) in paragraph at lines 473--475
[]\OT1/ptm/m/n/12 Installazione open-day-light.  []$\OT1/cmtt/m/n/12 https : / / docs . opendaylight . org / en / latest /
 []

) [89] (tesi.aux)
 ***********
LaTeX2e <2023-11-01> patch level 1
L3 programming layer <2024-01-04>
 ***********
Package rerunfilecheck Info: File `tesi.out' has not changed.
(rerunfilecheck)             Checksum: 9FDE74DE0C2F1318ACDA6D655A8FFCC6;6697.
 ) 
Here is how much of TeX's memory you used:
 16830 strings out of 474486
 292585 string characters out of 5743755
 2182542 words of memory out of 5000000
 38068 multiletter control sequences out of 15000+600000
 583353 words of font info for 84 fonts, out of 8000000 for 9000
 1141 hyphenation exceptions out of 8191
 123i,20n,121p,788b,2081s stack positions out of 10000i,1000n,20000p,200000b,200000s
 <C:\Users\ferra\AppData\Local\MiKTeX\fonts/pk/ljfour/jknappen/ec/dpi600\tctt1095.pk><C:/Users/ferra/AppData/Local/Programs/MiKTeX/fonts/type1/public/amsfonts/cm/cmsy10.pfb><C:/Users/ferra/AppData/Local/Programs/MiKTeX/fonts/type1/public/amsfonts/cm/cmtt10.pfb><C:/Users/ferra/AppData/Local/Programs/MiKTeX/fonts/type1/public/amsfonts/cm/cmtt12.pfb><C:/Users/ferra/AppData/Local/Programs/MiKTeX/fonts/type1/urw/times/utmb8a.pfb><C:/Users/ferra/AppData/Local/Programs/MiKTeX/fonts/type1/urw/times/utmr8a.pfb><C:/Users/ferra/AppData/Local/Programs/MiKTeX/fonts/type1/urw/times/utmri8a.pfb>
Output written on tesi.pdf (94 pages, 3196638 bytes).
PDF statistics:
 1808 PDF objects out of 2073 (max. 8388607)
 816 named destinations out of 1000 (max. 500000)
 474 words of extra memory for PDF output out of 10000 (max. 10000000)

